<?xml version="1.0" encoding="UTF-8"?>
<!-- Generated by org.testng.reporters.JUnitXMLReporter -->
<testsuite ignored="0" hostname="HamzehAbuAmer" failures="0" tests="3" name="Default test" time="10.586" errors="0" timestamp="2024-05-31T03:22:20 EET">
  <testcase classname="projectTwo.TestLoginAndCheckout" name="LoginTest" time="2.334"/>
  <testcase classname="projectTwo.TestLoginAndCheckout" name="AddToCart" time="2.116"/>
  <testcase classname="projectTwo.TestLoginAndCheckout" name="CheckoutProcess" time="2.122"/>
</testsuite> <!-- Default test -->
