<?xml version="1.0" encoding="UTF-8"?>
<testng-results ignored="0" total="3" passed="3" failed="0" skipped="0">
  <reporter-output>
  </reporter-output>
  <suite started-at="2024-05-31T03:22:09 EET" name="Default suite" finished-at="2024-05-31T03:22:20 EET" duration-ms="10586">
    <groups>
    </groups>
    <test started-at="2024-05-31T03:22:09 EET" name="Default test" finished-at="2024-05-31T03:22:20 EET" duration-ms="10586">
      <class name="projectTwo.TestLoginAndCheckout">
        <test-method is-config="true" signature="Setup()[pri:0, instance:projectTwo.TestLoginAndCheckout@2488b073]" started-at="2024-05-31T03:22:09 EET" name="Setup" finished-at="2024-05-31T03:22:13 EET" duration-ms="3943" status="PASS">
          <reporter-output>
          </reporter-output>
        </test-method> <!-- Setup -->
        <test-method signature="LoginTest()[pri:1, instance:projectTwo.TestLoginAndCheckout@2488b073]" started-at="2024-05-31T03:22:13 EET" name="LoginTest" finished-at="2024-05-31T03:22:16 EET" duration-ms="2334" status="PASS">
          <reporter-output>
          </reporter-output>
        </test-method> <!-- LoginTest -->
        <test-method signature="AddToCart()[pri:2, instance:projectTwo.TestLoginAndCheckout@2488b073]" started-at="2024-05-31T03:22:16 EET" name="AddToCart" finished-at="2024-05-31T03:22:18 EET" duration-ms="2116" status="PASS">
          <reporter-output>
          </reporter-output>
        </test-method> <!-- AddToCart -->
        <test-method signature="CheckoutProcess()[pri:3, instance:projectTwo.TestLoginAndCheckout@2488b073]" started-at="2024-05-31T03:22:18 EET" name="CheckoutProcess" finished-at="2024-05-31T03:22:20 EET" duration-ms="2122" status="PASS">
          <reporter-output>
          </reporter-output>
        </test-method> <!-- CheckoutProcess -->
      </class> <!-- projectTwo.TestLoginAndCheckout -->
    </test> <!-- Default test -->
  </suite> <!-- Default suite -->
</testng-results>
